<?xml version="1.0" encoding="UTF-8"?>
<!-- Generated by org.testng.reporters.JUnitReportReporter -->
<testsuite hostname="L-INE-B4TSYZ2" failures="0" tests="1" name="login.TestRunner" time="70.469" errors="0" timestamp="2024-10-22T14:35:49 IST" skipped="0">
  <testcase classname="login.TestRunner" name="runScenario" time="70.469"/>
</testsuite> <!-- login.TestRunner -->
